{"D:\\Final\\webpackSetup\\src\\curd.js": {"path":"D:\\Final\\webpackSetup\\src\\curd.js","statementMap":{"0":{"start":{"line":7,"column":24},"end":{"line":7,"column":26}},"1":{"start":{"line":9,"column":42},"end":{"line":11,"column":1}},"2":{"start":{"line":10,"column":2},"end":{"line":10,"column":61}},"3":{"start":{"line":14,"column":48},"end":{"line":20,"column":1}},"4":{"start":{"line":15,"column":25},"end":{"line":15,"column":57}},"5":{"start":{"line":16,"column":2},"end":{"line":18,"column":3}},"6":{"start":{"line":17,"column":4},"end":{"line":17,"column":38}},"7":{"start":{"line":19,"column":2},"end":{"line":19,"column":12}},"8":{"start":{"line":22,"column":25},"end":{"line":39,"column":1}},"9":{"start":{"line":23,"column":2},"end":{"line":38,"column":5}},"10":{"start":{"line":24,"column":4},"end":{"line":24,"column":41}},"11":{"start":{"line":25,"column":17},"end":{"line":25,"column":46}},"12":{"start":{"line":26,"column":4},"end":{"line":26,"column":19}},"13":{"start":{"line":28,"column":4},"end":{"line":28,"column":35}},"14":{"start":{"line":30,"column":4},"end":{"line":37,"column":7}},"15":{"start":{"line":31,"column":6},"end":{"line":31,"column":49}},"16":{"start":{"line":32,"column":6},"end":{"line":32,"column":34}},"17":{"start":{"line":34,"column":6},"end":{"line":34,"column":20}},"18":{"start":{"line":36,"column":6},"end":{"line":36,"column":35}},"19":{"start":{"line":41,"column":26},"end":{"line":48,"column":1}},"20":{"start":{"line":42,"column":2},"end":{"line":42,"column":24}},"21":{"start":{"line":44,"column":2},"end":{"line":46,"column":3}},"22":{"start":{"line":44,"column":15},"end":{"line":44,"column":16}},"23":{"start":{"line":45,"column":4},"end":{"line":45,"column":30}},"24":{"start":{"line":50,"column":28},"end":{"line":111,"column":1}},"25":{"start":{"line":51,"column":17},"end":{"line":51,"column":52}},"26":{"start":{"line":52,"column":2},"end":{"line":52,"column":24}},"27":{"start":{"line":53,"column":17},"end":{"line":53,"column":45}},"28":{"start":{"line":54,"column":2},"end":{"line":54,"column":33}},"29":{"start":{"line":56,"column":2},"end":{"line":109,"column":3}},"30":{"start":{"line":56,"column":15},"end":{"line":56,"column":16}},"31":{"start":{"line":57,"column":25},"end":{"line":57,"column":54}},"32":{"start":{"line":58,"column":4},"end":{"line":58,"column":47}},"33":{"start":{"line":59,"column":4},"end":{"line":59,"column":46}},"34":{"start":{"line":60,"column":21},"end":{"line":60,"column":50}},"35":{"start":{"line":61,"column":4},"end":{"line":61,"column":39}},"36":{"start":{"line":62,"column":21},"end":{"line":62,"column":52}},"37":{"start":{"line":63,"column":4},"end":{"line":63,"column":46}},"38":{"start":{"line":65,"column":4},"end":{"line":65,"column":43}},"39":{"start":{"line":67,"column":4},"end":{"line":67,"column":43}},"40":{"start":{"line":70,"column":4},"end":{"line":77,"column":7}},"41":{"start":{"line":72,"column":24},"end":{"line":72,"column":63}},"42":{"start":{"line":76,"column":6},"end":{"line":76,"column":68}},"43":{"start":{"line":79,"column":19},"end":{"line":79,"column":47}},"44":{"start":{"line":80,"column":4},"end":{"line":80,"column":35}},"45":{"start":{"line":81,"column":4},"end":{"line":81,"column":43}},"46":{"start":{"line":83,"column":4},"end":{"line":83,"column":49}},"47":{"start":{"line":84,"column":4},"end":{"line":97,"column":7}},"48":{"start":{"line":85,"column":29},"end":{"line":85,"column":68}},"49":{"start":{"line":87,"column":6},"end":{"line":96,"column":7}},"50":{"start":{"line":89,"column":8},"end":{"line":89,"column":49}},"51":{"start":{"line":92,"column":8},"end":{"line":92,"column":23}},"52":{"start":{"line":95,"column":8},"end":{"line":95,"column":37}},"53":{"start":{"line":99,"column":19},"end":{"line":99,"column":48}},"54":{"start":{"line":100,"column":4},"end":{"line":100,"column":39}},"55":{"start":{"line":101,"column":4},"end":{"line":101,"column":25}},"56":{"start":{"line":102,"column":4},"end":{"line":102,"column":39}},"57":{"start":{"line":104,"column":4},"end":{"line":104,"column":35}},"58":{"start":{"line":105,"column":4},"end":{"line":105,"column":33}},"59":{"start":{"line":106,"column":4},"end":{"line":106,"column":39}},"60":{"start":{"line":107,"column":4},"end":{"line":107,"column":37}},"61":{"start":{"line":108,"column":4},"end":{"line":108,"column":37}},"62":{"start":{"line":110,"column":2},"end":{"line":110,"column":29}},"63":{"start":{"line":113,"column":33},"end":{"line":136,"column":1}},"64":{"start":{"line":114,"column":14},"end":{"line":114,"column":49}},"65":{"start":{"line":116,"column":22},"end":{"line":116,"column":56}},"66":{"start":{"line":117,"column":2},"end":{"line":119,"column":3}},"67":{"start":{"line":118,"column":4},"end":{"line":118,"column":28}},"68":{"start":{"line":121,"column":2},"end":{"line":135,"column":5}},"69":{"start":{"line":122,"column":4},"end":{"line":134,"column":5}},"70":{"start":{"line":123,"column":22},"end":{"line":127,"column":7}},"71":{"start":{"line":129,"column":6},"end":{"line":129,"column":29}},"72":{"start":{"line":131,"column":6},"end":{"line":131,"column":35}},"73":{"start":{"line":132,"column":6},"end":{"line":132,"column":21}},"74":{"start":{"line":133,"column":6},"end":{"line":133,"column":21}}},"fnMap":{"0":{"name":"(anonymous_0)","decl":{"start":{"line":9,"column":42},"end":{"line":9,"column":43}},"loc":{"start":{"line":9,"column":48},"end":{"line":11,"column":1}},"line":9},"1":{"name":"(anonymous_1)","decl":{"start":{"line":14,"column":48},"end":{"line":14,"column":49}},"loc":{"start":{"line":14,"column":54},"end":{"line":20,"column":1}},"line":14},"2":{"name":"(anonymous_2)","decl":{"start":{"line":22,"column":25},"end":{"line":22,"column":26}},"loc":{"start":{"line":22,"column":61},"end":{"line":39,"column":1}},"line":22},"3":{"name":"(anonymous_3)","decl":{"start":{"line":23,"column":42},"end":{"line":23,"column":43}},"loc":{"start":{"line":23,"column":48},"end":{"line":38,"column":3}},"line":23},"4":{"name":"(anonymous_4)","decl":{"start":{"line":30,"column":35},"end":{"line":30,"column":36}},"loc":{"start":{"line":30,"column":41},"end":{"line":37,"column":5}},"line":30},"5":{"name":"(anonymous_5)","decl":{"start":{"line":41,"column":26},"end":{"line":41,"column":27}},"loc":{"start":{"line":41,"column":32},"end":{"line":48,"column":1}},"line":41},"6":{"name":"(anonymous_6)","decl":{"start":{"line":50,"column":28},"end":{"line":50,"column":29}},"loc":{"start":{"line":50,"column":34},"end":{"line":111,"column":1}},"line":50},"7":{"name":"(anonymous_7)","decl":{"start":{"line":70,"column":40},"end":{"line":70,"column":41}},"loc":{"start":{"line":70,"column":51},"end":{"line":77,"column":5}},"line":70},"8":{"name":"(anonymous_8)","decl":{"start":{"line":84,"column":37},"end":{"line":84,"column":38}},"loc":{"start":{"line":84,"column":43},"end":{"line":97,"column":5}},"line":84},"9":{"name":"(anonymous_9)","decl":{"start":{"line":113,"column":33},"end":{"line":113,"column":34}},"loc":{"start":{"line":113,"column":39},"end":{"line":136,"column":1}},"line":113},"10":{"name":"(anonymous_10)","decl":{"start":{"line":121,"column":35},"end":{"line":121,"column":36}},"loc":{"start":{"line":121,"column":46},"end":{"line":135,"column":3}},"line":121}},"branchMap":{"0":{"loc":{"start":{"line":16,"column":2},"end":{"line":18,"column":3}},"type":"if","locations":[{"start":{"line":16,"column":2},"end":{"line":18,"column":3}},{"start":{},"end":{}}],"line":16},"1":{"loc":{"start":{"line":87,"column":6},"end":{"line":96,"column":7}},"type":"if","locations":[{"start":{"line":87,"column":6},"end":{"line":96,"column":7}},{"start":{},"end":{}}],"line":87},"2":{"loc":{"start":{"line":87,"column":10},"end":{"line":87,"column":58}},"type":"binary-expr","locations":[{"start":{"line":87,"column":10},"end":{"line":87,"column":33}},{"start":{"line":87,"column":37},"end":{"line":87,"column":58}}],"line":87},"3":{"loc":{"start":{"line":117,"column":2},"end":{"line":119,"column":3}},"type":"if","locations":[{"start":{"line":117,"column":2},"end":{"line":119,"column":3}},{"start":{},"end":{}}],"line":117},"4":{"loc":{"start":{"line":122,"column":4},"end":{"line":134,"column":5}},"type":"if","locations":[{"start":{"line":122,"column":4},"end":{"line":134,"column":5}},{"start":{},"end":{}}],"line":122}},"s":{"0":1,"1":1,"2":1,"3":1,"4":0,"5":0,"6":0,"7":0,"8":1,"9":1,"10":0,"11":0,"12":0,"13":0,"14":0,"15":0,"16":0,"17":0,"18":0,"19":1,"20":1,"21":1,"22":1,"23":0,"24":1,"25":1,"26":1,"27":1,"28":1,"29":1,"30":1,"31":1,"32":1,"33":1,"34":1,"35":1,"36":1,"37":1,"38":1,"39":1,"40":1,"41":0,"42":0,"43":1,"44":1,"45":1,"46":1,"47":1,"48":0,"49":0,"50":0,"51":0,"52":0,"53":1,"54":1,"55":1,"56":1,"57":1,"58":1,"59":1,"60":1,"61":1,"62":1,"63":1,"64":1,"65":1,"66":1,"67":0,"68":1,"69":1,"70":1,"71":1,"72":1,"73":1,"74":1},"f":{"0":1,"1":0,"2":1,"3":0,"4":0,"5":1,"6":1,"7":0,"8":0,"9":1,"10":1},"b":{"0":[0,0],"1":[0,0],"2":[0,0],"3":[0,1],"4":[1,0]},"_coverageSchema":"1a1c01bbd47fc00a2c39e90264f33305004495a9","hash":"ea5418ae292f3feb94b89887578bc1a874e5b6e4"}
,"D:\\Final\\webpackSetup\\src\\status.js": {"path":"D:\\Final\\webpackSetup\\src\\status.js","statementMap":{"0":{"start":{"line":1,"column":28},"end":{"line":15,"column":1}},"1":{"start":{"line":6,"column":2},"end":{"line":6,"column":39}},"2":{"start":{"line":7,"column":30},"end":{"line":7,"column":54}},"3":{"start":{"line":11,"column":2},"end":{"line":11,"column":56}},"4":{"start":{"line":13,"column":2},"end":{"line":13,"column":56}},"5":{"start":{"line":17,"column":30},"end":{"line":30,"column":1}},"6":{"start":{"line":18,"column":24},"end":{"line":18,"column":73}},"7":{"start":{"line":18,"column":49},"end":{"line":18,"column":72}},"8":{"start":{"line":19,"column":19},"end":{"line":19,"column":39}},"9":{"start":{"line":21,"column":2},"end":{"line":23,"column":3}},"10":{"start":{"line":21,"column":15},"end":{"line":21,"column":16}},"11":{"start":{"line":22,"column":4},"end":{"line":22,"column":35}},"12":{"start":{"line":25,"column":2},"end":{"line":25,"column":66}},"13":{"start":{"line":27,"column":2},"end":{"line":27,"column":66}},"14":{"start":{"line":29,"column":2},"end":{"line":29,"column":27}}},"fnMap":{"0":{"name":"(anonymous_0)","decl":{"start":{"line":1,"column":28},"end":{"line":1,"column":29}},"loc":{"start":{"line":5,"column":5},"end":{"line":15,"column":1}},"line":5},"1":{"name":"(anonymous_1)","decl":{"start":{"line":17,"column":30},"end":{"line":17,"column":31}},"loc":{"start":{"line":17,"column":44},"end":{"line":30,"column":1}},"line":17},"2":{"name":"(anonymous_2)","decl":{"start":{"line":18,"column":40},"end":{"line":18,"column":41}},"loc":{"start":{"line":18,"column":49},"end":{"line":18,"column":72}},"line":18}},"branchMap":{},"s":{"0":1,"1":0,"2":0,"3":0,"4":0,"5":1,"6":0,"7":0,"8":0,"9":0,"10":0,"11":0,"12":0,"13":0,"14":0},"f":{"0":0,"1":0,"2":0},"b":{},"_coverageSchema":"1a1c01bbd47fc00a2c39e90264f33305004495a9","hash":"7bcf8b2eb8cd13feab594bb469e642d544a51c29"}
}
