TN:
SF:src\curd.js
FN:9,(anonymous_0)
FN:14,(anonymous_1)
FN:22,(anonymous_2)
FN:30,(anonymous_3)
FN:31,(anonymous_4)
FN:38,(anonymous_5)
FN:49,(anonymous_6)
FN:69,(anonymous_7)
FN:83,(anonymous_8)
FN:112,(anonymous_9)
FN:120,(anonymous_10)
FNF:11
FNH:6
FNDA:1,(anonymous_0)
FNDA:0,(anonymous_1)
FNDA:1,(anonymous_2)
FNDA:1,(anonymous_3)
FNDA:0,(anonymous_4)
FNDA:0,(anonymous_5)
FNDA:1,(anonymous_6)
FNDA:0,(anonymous_7)
FNDA:0,(anonymous_8)
FNDA:1,(anonymous_9)
FNDA:1,(anonymous_10)
DA:7,1
DA:9,1
DA:10,1
DA:14,1
DA:15,0
DA:16,0
DA:17,0
DA:19,0
DA:22,1
DA:23,1
DA:25,1
DA:26,0
DA:30,1
DA:31,1
DA:32,0
DA:33,0
DA:34,0
DA:36,0
DA:38,0
DA:39,0
DA:40,0
DA:42,0
DA:44,0
DA:49,1
DA:50,1
DA:51,1
DA:52,1
DA:53,1
DA:55,1
DA:56,1
DA:57,1
DA:58,1
DA:59,1
DA:60,1
DA:61,1
DA:62,1
DA:64,1
DA:66,1
DA:69,1
DA:71,0
DA:75,0
DA:78,1
DA:79,1
DA:80,1
DA:82,1
DA:83,1
DA:84,0
DA:86,0
DA:88,0
DA:91,0
DA:94,0
DA:98,1
DA:99,1
DA:100,1
DA:101,1
DA:103,1
DA:104,1
DA:105,1
DA:106,1
DA:107,1
DA:109,1
DA:112,1
DA:113,1
DA:115,1
DA:116,1
DA:117,0
DA:120,1
DA:121,1
DA:122,1
DA:128,1
DA:130,1
DA:131,1
DA:132,1
LF:73
LH:51
BRDA:16,0,0,0
BRDA:16,0,1,0
BRDA:86,1,0,0
BRDA:86,1,1,0
BRDA:86,2,0,0
BRDA:86,2,1,0
BRDA:116,3,0,0
BRDA:116,3,1,1
BRDA:121,4,0,1
BRDA:121,4,1,0
BRF:10
BRH:2
end_of_record
TN:
SF:src\status.js
FN:1,(anonymous_0)
FN:17,(anonymous_1)
FN:18,(anonymous_2)
FNF:3
FNH:0
FNDA:0,(anonymous_0)
FNDA:0,(anonymous_1)
FNDA:0,(anonymous_2)
DA:1,1
DA:6,0
DA:7,0
DA:11,0
DA:13,0
DA:17,1
DA:18,0
DA:19,0
DA:21,0
DA:22,0
DA:25,0
DA:27,0
DA:29,0
LF:13
LH:2
BRF:0
BRH:0
end_of_record
